<?xml version="1.0" encoding="UTF-8"?>
<!-- Generated by org.testng.reporters.JUnitXMLReporter -->
<testsuite ignored="3" hostname="DESKTOP-KNNMAAG" failures="0" tests="2" name="Car_loans" time="0.022" errors="0" timestamp="2024-10-30T12:31:27 SAST">
  <testcase classname="test.TestNG_3rd" name="mobile1" time="0.002"/>
  <testcase classname="test.TestNG_3rd" name="mobile2" time="0.004"/>
  <testcase classname="test.TestNG_3rd" name="Login_mobile" time="0.0">
    <ignored/>
  </testcase> <!-- Login_mobile -->
  <testcase classname="test.TestNG_3rd" name="Login_API" time="0.0">
    <ignored/>
  </testcase> <!-- Login_API -->
  <testcase classname="test.TestNG_3rd" name="Login_web" time="0.0">
    <ignored/>
  </testcase> <!-- Login_web -->
</testsuite> <!-- Car_loans -->
