<?xml version="1.0" encoding="UTF-8"?>
<!-- Generated by org.testng.reporters.JUnitXMLReporter -->
<testsuite ignored="1" hostname="DESKTOP-KNNMAAG" failures="0" tests="5" name="Personal_loans" time="0.073" errors="0" timestamp="2024-10-30T12:31:27 SAST">
  <testcase classname="test.TestNG_First" name="Demo" time="0.007"/>
  <testcase classname="test.TestNG_2nd" name="Demo" time="0.002"/>
  <testcase classname="test.TestNG_4th" name="HomeLogin_API" time="0.001"/>
  <testcase classname="test.TestNG_4th" name="HomeLogin_mobile" time="0.001"/>
  <testcase classname="test.TestNG_4th" name="HomeLogin_web" time="0.001"/>
  <testcase classname="test.TestNG_First" name="Demo1" time="0.0">
    <ignored/>
  </testcase> <!-- Demo1 -->
</testsuite> <!-- Personal_loans -->
