<?xml version="1.0" encoding="UTF-8"?>
<testng-results ignored="4" total="11" passed="7" failed="0" skipped="0">
  <reporter-output>
  </reporter-output>
  <suite started-at="2024-10-30T12:31:27 SAST" name="Loans" finished-at="2024-10-30T12:31:27 SAST" duration-ms="296">
    <groups>
    </groups>
    <test started-at="2024-10-30T12:31:27 SAST" name="Personal_loans" finished-at="2024-10-30T12:31:27 SAST" duration-ms="73">
      <class name="test.TestNG_2nd">
        <test-method signature="Demo()[pri:0, instance:test.TestNG_2nd@7fee8714]" started-at="2024-10-30T12:31:27 SAST" name="Demo" finished-at="2024-10-30T12:31:27 SAST" duration-ms="2" status="PASS">
          <reporter-output>
          </reporter-output>
        </test-method> <!-- Demo -->
      </class> <!-- test.TestNG_2nd -->
      <class name="test.TestNG_4th">
        <test-method signature="HomeLogin_API()[pri:0, instance:test.TestNG_4th@4229bb3f]" started-at="2024-10-30T12:31:27 SAST" name="HomeLogin_API" finished-at="2024-10-30T12:31:27 SAST" duration-ms="1" status="PASS">
          <reporter-output>
          </reporter-output>
        </test-method> <!-- HomeLogin_API -->
        <test-method signature="HomeLogin_mobile()[pri:0, instance:test.TestNG_4th@4229bb3f]" started-at="2024-10-30T12:31:27 SAST" name="HomeLogin_mobile" finished-at="2024-10-30T12:31:27 SAST" duration-ms="1" status="PASS">
          <reporter-output>
          </reporter-output>
        </test-method> <!-- HomeLogin_mobile -->
        <test-method signature="HomeLogin_web()[pri:0, instance:test.TestNG_4th@4229bb3f]" started-at="2024-10-30T12:31:27 SAST" name="HomeLogin_web" finished-at="2024-10-30T12:31:27 SAST" duration-ms="1" status="PASS">
          <reporter-output>
          </reporter-output>
        </test-method> <!-- HomeLogin_web -->
      </class> <!-- test.TestNG_4th -->
      <class name="test.TestNG_First">
        <test-method is-config="true" signature="Cookies()[pri:0, instance:test.TestNG_First@32ee6fee]" started-at="2024-10-30T12:31:27 SAST" name="Cookies" finished-at="2024-10-30T12:31:27 SAST" duration-ms="1" status="PASS">
          <reporter-output>
          </reporter-output>
        </test-method> <!-- Cookies -->
        <test-method signature="Demo()[pri:0, instance:test.TestNG_First@32ee6fee]" started-at="2024-10-30T12:31:27 SAST" name="Demo" finished-at="2024-10-30T12:31:27 SAST" duration-ms="7" status="PASS">
          <reporter-output>
          </reporter-output>
        </test-method> <!-- Demo -->
        <test-method is-config="true" signature="Cookiesclose()[pri:0, instance:test.TestNG_First@32ee6fee]" started-at="2024-10-30T12:31:27 SAST" name="Cookiesclose" finished-at="2024-10-30T12:31:27 SAST" duration-ms="4" status="PASS">
          <reporter-output>
          </reporter-output>
        </test-method> <!-- Cookiesclose -->
      </class> <!-- test.TestNG_First -->
    </test> <!-- Personal_loans -->
    <test started-at="2024-10-30T12:31:27 SAST" name="Car_loans" finished-at="2024-10-30T12:31:27 SAST" duration-ms="22">
      <class name="test.TestNG_First">
        <test-method is-config="true" signature="BSuite()[pri:0, instance:test.TestNG_First@32ee6fee]" started-at="2024-10-30T12:31:27 SAST" name="BSuite" finished-at="2024-10-30T12:31:27 SAST" duration-ms="9" status="PASS">
          <reporter-output>
          </reporter-output>
        </test-method> <!-- BSuite -->
        <test-method is-config="true" signature="ASuite()[pri:0, instance:test.TestNG_First@32ee6fee]" started-at="2024-10-30T12:31:27 SAST" name="ASuite" finished-at="2024-10-30T12:31:27 SAST" duration-ms="1" status="PASS">
          <reporter-output>
          </reporter-output>
        </test-method> <!-- ASuite -->
      </class> <!-- test.TestNG_First -->
      <class name="test.TestNG_3rd">
        <test-method is-config="true" signature="Bf_Class()[pri:0, instance:test.TestNG_3rd@23c30a20]" started-at="2024-10-30T12:31:27 SAST" name="Bf_Class" finished-at="2024-10-30T12:31:27 SAST" duration-ms="1" status="PASS">
          <reporter-output>
          </reporter-output>
        </test-method> <!-- Bf_Class -->
        <test-method is-config="true" signature="UseridGeneration()[pri:0, instance:test.TestNG_3rd@23c30a20]" started-at="2024-10-30T12:31:27 SAST" name="UseridGeneration" finished-at="2024-10-30T12:31:27 SAST" duration-ms="2" status="PASS">
          <reporter-output>
          </reporter-output>
        </test-method> <!-- UseridGeneration -->
        <test-method signature="mobile1()[pri:0, instance:test.TestNG_3rd@23c30a20]" started-at="2024-10-30T12:31:27 SAST" name="mobile1" finished-at="2024-10-30T12:31:27 SAST" duration-ms="2" status="PASS">
          <reporter-output>
          </reporter-output>
        </test-method> <!-- mobile1 -->
        <test-method is-config="true" signature="Aft_Mthd()[pri:0, instance:test.TestNG_3rd@23c30a20]" started-at="2024-10-30T12:31:27 SAST" name="Aft_Mthd" finished-at="2024-10-30T12:31:27 SAST" duration-ms="1" status="PASS">
          <reporter-output>
          </reporter-output>
        </test-method> <!-- Aft_Mthd -->
        <test-method is-config="true" signature="UseridGeneration()[pri:0, instance:test.TestNG_3rd@23c30a20]" started-at="2024-10-30T12:31:27 SAST" name="UseridGeneration" finished-at="2024-10-30T12:31:27 SAST" duration-ms="1" status="PASS">
          <reporter-output>
          </reporter-output>
        </test-method> <!-- UseridGeneration -->
        <test-method signature="mobile2()[pri:0, instance:test.TestNG_3rd@23c30a20]" started-at="2024-10-30T12:31:27 SAST" name="mobile2" finished-at="2024-10-30T12:31:27 SAST" duration-ms="4" status="PASS">
          <reporter-output>
          </reporter-output>
        </test-method> <!-- mobile2 -->
        <test-method is-config="true" signature="Aft_Mthd()[pri:0, instance:test.TestNG_3rd@23c30a20]" started-at="2024-10-30T12:31:27 SAST" name="Aft_Mthd" finished-at="2024-10-30T12:31:27 SAST" duration-ms="0" status="PASS">
          <reporter-output>
          </reporter-output>
        </test-method> <!-- Aft_Mthd -->
        <test-method is-config="true" signature="Af_Class()[pri:0, instance:test.TestNG_3rd@23c30a20]" started-at="2024-10-30T12:31:27 SAST" name="Af_Class" finished-at="2024-10-30T12:31:27 SAST" duration-ms="0" status="PASS">
          <reporter-output>
          </reporter-output>
        </test-method> <!-- Af_Class -->
      </class> <!-- test.TestNG_3rd -->
    </test> <!-- Car_loans -->
  </suite> <!-- Loans -->
</testng-results>
